Arguments: 
  C:\Program Files\nodejs\node.exe C:\Program Files (x86)\Yarn\bin\yarn.js dev

PATH: 
  D:\devcamper_api\node_modules\.bin;C:\ProgramData\Oracle\Java\javapath;C:\WINDOWS\system32;C:\WINDOWS;C:\WINDOWS\System32\Wbem;C:\WINDOWS\System32\WindowsPowerShell\v1.0\;C:\Program Files\Git\cmd;C:\Program Files (x86)\Yarn\bin\;C:\WINDOWS\System32\OpenSSH\;C:\Users\o.monastyrskyi\AppData\Roaming\nvm;C:\Program Files\nodejs;C:\Ruby24-x64\bin;C:\Users\o.monastyrskyi\AppData\Local\Microsoft\WindowsApps;C:\Users\o.monastyrskyi\AppData\Local\Yarn\bin;C:\Program Files\heroku\bin;C:\Users\o.monastyrskyi\AppData\Roaming\nvm;C:\Program Files\nodejs;C:\Users\o.monastyrskyi\AppData\Local\GitHubDesktop\bin;C:\Users\o.monastyrskyi\AppData\Local\Programs\Microsoft VS Code\bin

Yarn version: 
  1.5.1

Node version: 
  8.10.0

Platform: 
  win32 x64

npm manifest: 
  {
    "name": "devcamper_api",
    "version": "1.0.0",
    "description": "Devcamper API",
    "main": "server.js",
    "scripts": {
      "start": "node server.js",
      "dev": "nodemon server"
    },
    "engines": {
      "node":"v8.10.0"
    },
    "author": "Oleh Monastyrskyi",
    "license": "MIT",
    "dependencies": {
      "bcryptjs": "^2.4.3",
      "colors": "^1.4.0",
      "cookie-parser": "^1.4.4",
      "cors": "^2.8.5",
      "dotenv": "^8.2.0",
      "express": "^4.17.1",
      "express-fileupload": "^1.1.6-alpha.6",
      "express-mongo-sanitize": "^1.3.2",
      "express-rate-limit": "^5.0.0",
      "helmet": "^3.21.2",
      "hpp": "^0.2.2",
      "jsonwebtoken": "^8.5.1",
      "mongoose": "^5.7.6",
      "morgan": "^1.9.1",
      "node-geocoder": "^3.24.0",
      "nodemailer": "^6.3.1",
      "slugify": "^1.3.5",
      "xss-clean": "^0.1.1"
    },
    "devDependencies": {
      "nodemon": "^1.19.4"
    }
  }

yarn manifest: 
  No manifest

Lockfile: 
  No lockfile

Trace: 
  Error: Command failed.
  Exit code: 3221225786
  Command: C:\WINDOWS\system32\cmd.exe
  Arguments: /d /s /c nodemon server
  Directory: D:\devcamper_api
  Output:
  
      at ProcessTermError.MessageError (C:\Program Files (x86)\Yarn\lib\cli.js:186:110)
      at new ProcessTermError (C:\Program Files (x86)\Yarn\lib\cli.js:226:113)
      at ChildProcess.<anonymous> (C:\Program Files (x86)\Yarn\lib\cli.js:30281:17)
      at emitTwo (events.js:126:13)
      at ChildProcess.emit (events.js:214:7)
      at maybeClose (internal/child_process.js:925:16)
      at Process.ChildProcess._handle.onexit (internal/child_process.js:209:5)
